<?xml version="1.0" encoding="UTF-8"?>
<!-- Generated by org.testng.reporters.JUnitReportReporter -->
<testsuite skipped="0" hostname="Navya" name="site.home" tests="1" failures="0" timestamp="2022-09-27T05:01:35 PDT" time="11.554" errors="0">
  <testcase name="model1" time="11.554" classname="site.home"/>
  <system-out/>
</testsuite> <!-- site.home -->
