<?xml version="1.0" encoding="UTF-8"?>
<!-- Generated by org.testng.reporters.JUnitReportReporter -->
<testsuite skipped="0" hostname="Navya" name="tests.home" tests="1" failures="0" timestamp="2022-09-27T05:20:17 PDT" time="12.530" errors="0">
  <testcase name="model1" time="12.530" classname="tests.home"/>
  <system-out/>
</testsuite> <!-- tests.home -->
