<?xml version="1.0" encoding="UTF-8"?>
<!-- Generated by org.testng.reporters.JUnitReportReporter -->
<testsuite skipped="0" hostname="Navya" name="tests.loginvalidation" tests="1" failures="0" timestamp="2022-10-02T21:30:35 PDT" time="45.480" errors="0">
  <testcase name="login" time="45.480" classname="tests.loginvalidation"/>
  <system-out/>
</testsuite> <!-- tests.loginvalidation -->
